<?xml version="1.0" encoding="UTF-8"?>
<!-- Generated by org.testng.reporters.JUnitXMLReporter -->
<testsuite ignored="0" hostname="DELL3400-2408" failures="0" tests="5" name="FlipKartLoginTest" time="17.497" errors="0" timestamp="2022-01-31T03:02:33 IST">
  <testcase classname="tests.FlipKartLoginTest" name="loginTest" time="0.386"/>
  <testcase classname="tests.FlipKartLoginTest" name="loginTest" time="2.105"/>
  <testcase classname="tests.FlipKartLoginTest" name="loginTest" time="1.869"/>
  <testcase classname="tests.FlipKartLoginTest" name="loginTest" time="1.352"/>
  <testcase classname="tests.FlipKartLoginTest" name="loginTest" time="3.383"/>
</testsuite> <!-- FlipKartLoginTest -->
