<?xml version="1.0" encoding="UTF-8"?>
<!-- Generated by org.testng.reporters.JUnitXMLReporter -->
<testsuite ignored="0" hostname="DELL3400-2408" failures="0" tests="5" name="FlipKart" time="73.814" errors="0" timestamp="2022-01-29T17:26:48 IST">
  <testcase classname="tests.FlipKartTest" name="loginTest" time="12.034"/>
  <testcase classname="tests.FlipKartTest" name="loginTest" time="7.309"/>
  <testcase classname="tests.FlipKartTest" name="loginTest" time="1.5"/>
  <testcase classname="tests.FlipKartTest" name="loginTest" time="1.806"/>
  <testcase classname="tests.FlipKartTest" name="loginTest" time="38.349"/>
</testsuite> <!-- FlipKart -->
