<?xml version="1.0" encoding="UTF-8"?>
<!-- Generated by org.testng.reporters.JUnitXMLReporter -->
<testsuite ignored="0" hostname="DELL3400-2408" failures="0" tests="2" name="FlipKartSearchProductTest" time="14.769" errors="0" timestamp="2022-01-31T03:02:48 IST">
  <testcase classname="tests.FlipKartSearchProductTest" name="searchProductByMenu" time="2.88"/>
  <testcase classname="tests.FlipKartSearchProductTest" name="searchProductBySearchBox" time="3.247"/>
</testsuite> <!-- FlipKartSearchProductTest -->
